#
# A fatal error has been detected by the Java Runtime Environment:
#
#  SIGBUS (0xa) at pc=0x0000000102787472, pid=4476, tid=16899
#
# JRE version: Java(TM) SE Runtime Environment (8.0_51-b16) (build 1.8.0_51-b16)
# Java VM: Java HotSpot(TM) 64-Bit Server VM (25.51-b03 mixed mode bsd-amd64 compressed oops)
# Problematic frame:
# V  [libjvm.dylib+0x587472]
#
# Failed to write core dump. Core dumps have been disabled. To enable core dumping, try "ulimit -c unlimited" before starting Java again
#
# If you would like to submit a bug report, please visit:
#   http://bugreport.java.com/bugreport/crash.jsp
#

---------------  T H R E A D  ---------------

Current thread (0x00007fb5d2036800):  JavaThread "JDWP Transport Listener: dt_socket" daemon [_thread_in_vm, id=16899, stack(0x0000700000ab8000,0x0000700000bb8000)]

siginfo: si_signo: 10 (SIGBUS), si_code: 2 (BUS_ADRERR), si_addr: 0x000070000011cff0

Registers:
RAX=0x0000000795830198, RBX=0x00007fb5d28c9410, RCX=0x00007fb5d297ab90, RDX=0x000000011a4b8010
RSP=0x0000700000bb7130, RBP=0x0000700000bb7220, RSI=0x000070000011cff8, RDI=0x0000700000bb7190
R8 =0x0000000000000000, R9 =0x0000000102a0dcc8, R10=0x00000000ffffffff, R11=0xffffffff00000000
R12=0x000070000011cfe8, R13=0x0000000000000000, R14=0x00007fb5d28c9a10, R15=0x0000700000bb71c8
RIP=0x0000000102787472, EFLAGS=0x0000000000010206, ERR=0x0000000000000004
  TRAPNO=0x000000000000000e

Top of Stack: (sp=0x0000700000bb7130)
0x0000700000bb7130:   00007000002198f8 000000010317c925
0x0000700000bb7140:   000000010316e5d0 0000000000000000
0x0000700000bb7150:   0000700000219938 00007000002198f8
0x0000700000bb7160:   00007000002198f8 000000010317c925
0x0000700000bb7170:   000000010316e5d0 0000000000000000
0x0000700000bb7180:   0000700000219938 00007000002198f8
0x0000700000bb7190:   00007000002198f8 000000010317c925
0x0000700000bb71a0:   000000010316e5d0 0000000000000000
0x0000700000bb71b0:   0000700000219938 00007000002198f8
0x0000700000bb71c0:   00007fb5d297ab90 00007000002198f8
0x0000700000bb71d0:   000000010317c925 000000010316e5d0
0x0000700000bb71e0:   0000000000000000 0000700000219938
0x0000700000bb71f0:   00007000002198f8 00007fb5d1713db0
0x0000700000bb7200:   00000001029fa828 00007fb5d28c9410
0x0000700000bb7210:   00007fb5d28c9410 00007fb5d180b800
0x0000700000bb7220:   0000700000bb72f0 0000000102575236
0x0000700000bb7230:   0000700000bb7250 0000000102652b5e
0x0000700000bb7240:   00007fb5d2036800 0000000000bb72a8
0x0000700000bb7250:   0000700000bb7270 000000010264d52e
0x0000700000bb7260:   0000700000bb72a8 0000700000bb7310
0x0000700000bb7270:   00007fb5d1713db0 00007fb5d180b800
0x0000700000bb7280:   00007fb5d180b800 0000700000bb72a8
0x0000700000bb7290:   0000700000bb72f0 00000001027473c7
0x0000700000bb72a0:   00007fb5d170b8c0 00007fb5d28c9400
0x0000700000bb72b0:   00007fb5d28c9a10 00007fb5d28d13e8
0x0000700000bb72c0:   00000000000083b0 00007fb5d180b800
0x0000700000bb72d0:   00000001029fa828 00007fb5d28c9410
0x0000700000bb72e0:   00007fb5d2036800 0000000000000000
0x0000700000bb72f0:   0000700000bb7980 00000001025761e4
0x0000700000bb7300:   00007fb5d1601070 00007fb5d1713db0
0x0000700000bb7310:   0000700000bb7360 00000001022a1d5d
0x0000700000bb7320:   0000000000000000 0000000000000000 

Instructions: (pc=0x0000000102787472)
0x0000000102787452:   48 8b 4b 30 48 89 8d 68 ff ff ff 48 8d bd 40 ff
0x0000000102787462:   ff ff 48 89 c6 e8 a6 a2 cb ff 4c 8d 7d a8 eb 79
0x0000000102787472:   4d 8b 6c 24 08 31 f6 bf 20 00 00 00 e8 d9 55 f3
0x0000000102787482:   ff 48 85 c0 74 17 4c 89 28 48 c7 40 10 00 00 00 

Register to memory mapping:

RAX=0x0000000795830198 is an oop
java.lang.Error 
 - klass: 'java/lang/Error'
RBX=0x00007fb5d28c9410 is an unknown value
RCX=0x00007fb5d297ab90 is an unknown value
RDX=0x000000011a4b8010 is an unknown value
RSP=0x0000700000bb7130 is pointing into the stack for thread: 0x00007fb5d2036800
RBP=0x0000700000bb7220 is pointing into the stack for thread: 0x00007fb5d2036800
RSI=0x000070000011cff8 is pointing into the stack for thread: 0x00007fb5d180b800
RDI=0x0000700000bb7190 is pointing into the stack for thread: 0x00007fb5d2036800
R8 =0x0000000000000000 is an unknown value
R9 =0x0000000102a0dcc8: _ZL8tc_mutex+0x18 in /Library/Java/JavaVirtualMachines/jdk1.8.0_51.jdk/Contents/Home/jre/lib/server/libjvm.dylib at 0x0000000102200000
R10=0x00000000ffffffff is an unknown value
R11=0xffffffff00000000 is an unknown value
R12=0x000070000011cfe8 is pointing into the stack for thread: 0x00007fb5d180b800
R13=0x0000000000000000 is an unknown value
R14=0x00007fb5d28c9a10 is an unknown value
R15=0x0000700000bb71c8 is pointing into the stack for thread: 0x00007fb5d2036800


Stack: [0x0000700000ab8000,0x0000700000bb8000],  sp=0x0000700000bb7130,  free space=1020k
Native frames: (J=compiled Java code, j=interpreted, Vv=VM code, C=native code)
V  [libjvm.dylib+0x587472]
V  [libjvm.dylib+0x375236]
V  [libjvm.dylib+0x3761e4]
V  [libjvm.dylib+0x372c4f]
V  [libjvm.dylib+0x34846d]
C  [libjdwp.dylib+0x8500]  ownedMonitors+0xe7
C  [libjdwp.dylib+0xe898]  debugLoop_run+0x1ce
C  [libjdwp.dylib+0x1f6ba]  attachThread+0x4d
V  [libjvm.dylib+0x383f3c]
V  [libjvm.dylib+0x549a6f]
V  [libjvm.dylib+0x54b160]
V  [libjvm.dylib+0x46e99e]
C  [libsystem_pthread.dylib+0x399d]  _pthread_body+0x83
C  [libsystem_pthread.dylib+0x391a]  _pthread_body+0x0
C  [libsystem_pthread.dylib+0x1351]  thread_start+0xd
C  0x0000000000000000


---------------  P R O C E S S  ---------------

Java Threads: ( => current thread )
  0x00007fb5d3007800 JavaThread "Service Thread" daemon [_thread_blocked, id=19971, stack(0x00007000010ca000,0x00007000011ca000)]
  0x00007fb5d202b800 JavaThread "C1 CompilerThread2" daemon [_thread_blocked, id=19459, stack(0x0000700000fc7000,0x00007000010c7000)]
  0x00007fb5d1829000 JavaThread "C2 CompilerThread1" daemon [_thread_blocked, id=18947, stack(0x0000700000ec4000,0x0000700000fc4000)]
  0x00007fb5d3007000 JavaThread "C2 CompilerThread0" daemon [_thread_blocked, id=18435, stack(0x0000700000dc1000,0x0000700000ec1000)]
  0x00007fb5d1827800 JavaThread "JDWP Command Reader" daemon [_thread_in_native, id=17923, stack(0x0000700000cbe000,0x0000700000dbe000)]
  0x00007fb5d1826800 JavaThread "JDWP Event Helper Thread" daemon [_thread_blocked, id=17411, stack(0x0000700000bbb000,0x0000700000cbb000)]
=>0x00007fb5d2036800 JavaThread "JDWP Transport Listener: dt_socket" daemon [_thread_in_vm, id=16899, stack(0x0000700000ab8000,0x0000700000bb8000)]
  0x00007fb5d3024800 JavaThread "Signal Dispatcher" daemon [_thread_blocked, id=13839, stack(0x00007000009b5000,0x0000700000ab5000)]
  0x00007fb5d3023800 JavaThread "Finalizer" daemon [_thread_blocked, id=12291, stack(0x000070000082f000,0x000070000092f000)]
  0x00007fb5d3023000 JavaThread "Reference Handler" daemon [_thread_blocked, id=11779, stack(0x000070000072c000,0x000070000082c000)]
  0x00007fb5d180b800 JavaThread "main" [_thread_blocked, id=5891, stack(0x000070000011a000,0x000070000021a000)]

Other Threads:
  0x00007fb5d3020800 VMThread [stack: 0x0000700000629000,0x0000700000729000] [id=11267]
  0x00007fb5d3008800 WatcherThread [stack: 0x00007000011cd000,0x00007000012cd000] [id=20483]

VM state:not at safepoint (normal execution)

VM Mutex/Monitor currently owned by a thread: None

Heap:
 PSYoungGen      total 38400K, used 3328K [0x0000000795580000, 0x0000000798000000, 0x00000007c0000000)
  eden space 33280K, 10% used [0x0000000795580000,0x00000007958c0130,0x0000000797600000)
  from space 5120K, 0% used [0x0000000797b00000,0x0000000797b00000,0x0000000798000000)
  to   space 5120K, 0% used [0x0000000797600000,0x0000000797600000,0x0000000797b00000)
 ParOldGen       total 87552K, used 0K [0x0000000740000000, 0x0000000745580000, 0x0000000795580000)
  object space 87552K, 0% used [0x0000000740000000,0x0000000740000000,0x0000000745580000)
 Metaspace       used 2809K, capacity 4486K, committed 4864K, reserved 1056768K
  class space    used 301K, capacity 386K, committed 512K, reserved 1048576K

Card table byte_map: [0x0000000112529000,0x000000011292a000] byte_map_base: 0x000000010eb29000

Marking Bits: (ParMarkBitMap*) 0x0000000102ac27a0
 Begin Bits: [0x0000000112bd5000, 0x0000000114bd5000)
 End Bits:   [0x0000000114bd5000, 0x0000000116bd5000)

Polling page: 0x0000000101981000

CodeCache: size=245760Kb used=1151Kb max_used=1152Kb free=244608Kb
 bounds [0x0000000103169000, 0x00000001033d9000, 0x0000000112169000]
 total_blobs=275 nmethods=43 adapters=154
 compilation: enabled

Compilation events (10 events):
Event: 0.498 Thread 0x00007fb5d202b800   39       1       java.io.File::getPath (5 bytes)
Event: 0.498 Thread 0x00007fb5d202b800 nmethod 39 0x0000000103287a10 code [0x0000000103287b60, 0x0000000103287c70]
Event: 0.498 Thread 0x00007fb5d202b800   40       3       java.lang.CharacterDataLatin1::getProperties (11 bytes)
Event: 0.498 Thread 0x00007fb5d202b800 nmethod 40 0x0000000103287610 code [0x0000000103287780, 0x0000000103287910]
Event: 0.498 Thread 0x00007fb5d202b800   41       3       java.lang.StringBuilder::append (8 bytes)
Event: 0.499 Thread 0x00007fb5d202b800 nmethod 41 0x0000000103287250 code [0x00000001032873c0, 0x0000000103287568]
Event: 0.501 Thread 0x00007fb5d202b800   42       3       java.util.Arrays::copyOf (19 bytes)
Event: 0.501 Thread 0x00007fb5d202b800 nmethod 42 0x0000000103286c50 code [0x0000000103286de0, 0x0000000103287108]
Event: 0.501 Thread 0x00007fb5d202b800   43       1       java.net.URL::getProtocol (5 bytes)
Event: 0.501 Thread 0x00007fb5d202b800 nmethod 43 0x0000000103286990 code [0x0000000103286ae0, 0x0000000103286bf0]

GC Heap History (0 events):
No events

Deoptimization events (0 events):
No events

Internal exceptions (2 events):
Event: 0.091 Thread 0x00007fb5d180b800 Exception <a 'java/lang/NoSuchMethodError': Method sun.misc.Unsafe.defineClass(Ljava/lang/String;[BII)Ljava/lang/Class; name or signature does not match> (0x0000000795592c10) thrown at [/Users/java_re/workspace/8-2-build-macosx-x86_64/jdk8u51/3951/hotspot
Event: 0.092 Thread 0x00007fb5d180b800 Exception <a 'java/lang/NoSuchMethodError': Method sun.misc.Unsafe.prefetchRead(Ljava/lang/Object;J)V name or signature does not match> (0x0000000795592ea0) thrown at [/Users/java_re/workspace/8-2-build-macosx-x86_64/jdk8u51/3951/hotspot/src/share/vm/prim

Events (10 events):
Event: 2151.235 Executing VM operation: EnterInterpOnlyMode
Event: 2151.235 Executing VM operation: EnterInterpOnlyMode done
Event: 2151.235 Executing VM operation: ChangeSingleStep
Event: 2151.235 Executing VM operation: ChangeSingleStep done
Event: 2151.235 Executing VM operation: ChangeSingleStep
Event: 2151.235 Executing VM operation: ChangeSingleStep done
Event: 2151.256 loading class java/awt/event/ActionListener
Event: 2151.256 loading class java/util/EventListener
Event: 2151.256 loading class java/util/EventListener done
Event: 2151.256 loading class java/awt/event/ActionListener done


Dynamic libraries:
0x0000000005268000 	/System/Library/Frameworks/Cocoa.framework/Versions/A/Cocoa
0x0000000005268000 	/System/Library/Frameworks/Security.framework/Versions/A/Security
0x0000000005268000 	/System/Library/Frameworks/ApplicationServices.framework/Versions/A/ApplicationServices
0x0000000005268000 	/usr/lib/libz.1.dylib
0x0000000005268000 	/usr/lib/libSystem.B.dylib
0x0000000005268000 	/usr/lib/libobjc.A.dylib
0x0000000005268000 	/System/Library/Frameworks/CoreFoundation.framework/Versions/A/CoreFoundation
0x0000000005268000 	/System/Library/Frameworks/Foundation.framework/Versions/C/Foundation
0x0000000005268000 	/System/Library/Frameworks/AppKit.framework/Versions/C/AppKit
0x0000000005268000 	/System/Library/Frameworks/CoreData.framework/Versions/A/CoreData
0x0000000005268000 	/System/Library/PrivateFrameworks/RemoteViewServices.framework/Versions/A/RemoteViewServices
0x0000000005268000 	/System/Library/PrivateFrameworks/UIFoundation.framework/Versions/A/UIFoundation
0x0000000005268000 	/usr/lib/libScreenReader.dylib
0x0000000005268000 	/System/Library/Frameworks/Accelerate.framework/Versions/A/Accelerate
0x0000000005268000 	/System/Library/Frameworks/IOSurface.framework/Versions/A/IOSurface
0x0000000005268000 	/System/Library/Frameworks/AudioToolbox.framework/Versions/A/AudioToolbox
0x0000000005268000 	/System/Library/Frameworks/AudioUnit.framework/Versions/A/AudioUnit
0x0000000005268000 	/System/Library/PrivateFrameworks/DataDetectorsCore.framework/Versions/A/DataDetectorsCore
0x0000000005268000 	/System/Library/PrivateFrameworks/DesktopServicesPriv.framework/Versions/A/DesktopServicesPriv
0x0000000005268000 	/System/Library/Frameworks/Carbon.framework/Versions/A/Frameworks/HIToolbox.framework/Versions/A/HIToolbox
0x0000000005268000 	/System/Library/Frameworks/QuartzCore.framework/Versions/A/QuartzCore
0x0000000005268000 	/System/Library/Frameworks/Carbon.framework/Versions/A/Frameworks/SpeechRecognition.framework/Versions/A/SpeechRecognition
0x0000000005268000 	/usr/lib/libauto.dylib
0x0000000005268000 	/usr/lib/libicucore.A.dylib
0x0000000005268000 	/usr/lib/libxml2.2.dylib
0x0000000005268000 	/System/Library/PrivateFrameworks/CoreUI.framework/Versions/A/CoreUI
0x0000000005268000 	/System/Library/Frameworks/CoreAudio.framework/Versions/A/CoreAudio
0x0000000005268000 	/System/Library/Frameworks/DiskArbitration.framework/Versions/A/DiskArbitration
0x0000000005268000 	/usr/lib/liblangid.dylib
0x0000000005268000 	/System/Library/PrivateFrameworks/MultitouchSupport.framework/Versions/A/MultitouchSupport
0x0000000005268000 	/System/Library/Frameworks/IOKit.framework/Versions/A/IOKit
0x0000000005268000 	/usr/lib/libDiagnosticMessagesClient.dylib
0x0000000005268000 	/System/Library/Frameworks/CoreServices.framework/Versions/A/CoreServices
0x0000000005268000 	/System/Library/PrivateFrameworks/PerformanceAnalysis.framework/Versions/A/PerformanceAnalysis
0x0000000005268000 	/System/Library/PrivateFrameworks/GenerationalStorage.framework/Versions/A/GenerationalStorage
0x0000000005268000 	/System/Library/Frameworks/OpenGL.framework/Versions/A/OpenGL
0x0000000005268000 	/System/Library/PrivateFrameworks/Sharing.framework/Versions/A/Sharing
0x0000000005268000 	/System/Library/Frameworks/CoreGraphics.framework/Versions/A/CoreGraphics
0x0000000005268000 	/System/Library/Frameworks/CoreImage.framework/Versions/A/CoreImage
0x0000000005268000 	/System/Library/Frameworks/CoreText.framework/Versions/A/CoreText
0x0000000005268000 	/System/Library/Frameworks/ImageIO.framework/Versions/A/ImageIO
0x0000000005268000 	/System/Library/PrivateFrameworks/Backup.framework/Versions/A/Backup
0x0000000005268000 	/usr/lib/libextension.dylib
0x0000000005268000 	/usr/lib/libarchive.2.dylib
0x0000000005268000 	/System/Library/Frameworks/CFNetwork.framework/Versions/A/CFNetwork
0x0000000005268000 	/System/Library/Frameworks/SystemConfiguration.framework/Versions/A/SystemConfiguration
0x0000000005268000 	/usr/lib/libCRFSuite.dylib
0x0000000005268000 	/usr/lib/libc++.1.dylib
0x0000000005268000 	/usr/lib/libc++abi.dylib
0x0000000005268000 	/usr/lib/system/libcache.dylib
0x0000000005268000 	/usr/lib/system/libcommonCrypto.dylib
0x0000000005268000 	/usr/lib/system/libcompiler_rt.dylib
0x0000000005268000 	/usr/lib/system/libcopyfile.dylib
0x0000000005268000 	/usr/lib/system/libcorecrypto.dylib
0x0000000005268000 	/usr/lib/system/libdispatch.dylib
0x0000000005268000 	/usr/lib/system/libdyld.dylib
0x0000000005268000 	/usr/lib/system/libkeymgr.dylib
0x0000000005268000 	/usr/lib/system/liblaunch.dylib
0x0000000005268000 	/usr/lib/system/libmacho.dylib
0x0000000005268000 	/usr/lib/system/libquarantine.dylib
0x0000000005268000 	/usr/lib/system/libremovefile.dylib
0x0000000005268000 	/usr/lib/system/libsystem_asl.dylib
0x0000000005268000 	/usr/lib/system/libsystem_blocks.dylib
0x0000000005268000 	/usr/lib/system/libsystem_c.dylib
0x0000000005268000 	/usr/lib/system/libsystem_configuration.dylib
0x0000000005268000 	/usr/lib/system/libsystem_coreservices.dylib
0x0000000005268000 	/usr/lib/system/libsystem_coretls.dylib
0x0000000005268000 	/usr/lib/system/libsystem_dnssd.dylib
0x0000000005268000 	/usr/lib/system/libsystem_info.dylib
0x0000000005268000 	/usr/lib/system/libsystem_kernel.dylib
0x0000000005268000 	/usr/lib/system/libsystem_m.dylib
0x0000000005268000 	/usr/lib/system/libsystem_malloc.dylib
0x0000000005268000 	/usr/lib/system/libsystem_network.dylib
0x0000000005268000 	/usr/lib/system/libsystem_networkextension.dylib
0x0000000005268000 	/usr/lib/system/libsystem_notify.dylib
0x0000000005268000 	/usr/lib/system/libsystem_platform.dylib
0x0000000005268000 	/usr/lib/system/libsystem_pthread.dylib
0x0000000005268000 	/usr/lib/system/libsystem_sandbox.dylib
0x0000000005268000 	/usr/lib/system/libsystem_secinit.dylib
0x0000000005268000 	/usr/lib/system/libsystem_trace.dylib
0x0000000005268000 	/usr/lib/system/libunc.dylib
0x0000000005268000 	/usr/lib/system/libunwind.dylib
0x0000000005268000 	/usr/lib/system/libxpc.dylib
0x0000000005268000 	/usr/lib/libenergytrace.dylib
0x0000000005268000 	/usr/lib/libbsm.0.dylib
0x0000000005268000 	/usr/lib/system/libkxld.dylib
0x0000000005268000 	/usr/lib/libxar.1.dylib
0x0000000005268000 	/usr/lib/libsqlite3.dylib
0x0000000005268000 	/usr/lib/libpam.2.dylib
0x0000000005268000 	/usr/lib/libOpenScriptingUtil.dylib
0x0000000005268000 	/usr/lib/libbz2.1.0.dylib
0x0000000005268000 	/usr/lib/liblzma.5.dylib
0x0000000005268000 	/System/Library/Frameworks/CoreServices.framework/Versions/A/Frameworks/FSEvents.framework/Versions/A/FSEvents
0x0000000005268000 	/System/Library/Frameworks/CoreServices.framework/Versions/A/Frameworks/CarbonCore.framework/Versions/A/CarbonCore
0x0000000005268000 	/System/Library/Frameworks/CoreServices.framework/Versions/A/Frameworks/Metadata.framework/Versions/A/Metadata
0x0000000005268000 	/System/Library/Frameworks/CoreServices.framework/Versions/A/Frameworks/OSServices.framework/Versions/A/OSServices
0x0000000005268000 	/System/Library/Frameworks/CoreServices.framework/Versions/A/Frameworks/SearchKit.framework/Versions/A/SearchKit
0x0000000005268000 	/System/Library/Frameworks/CoreServices.framework/Versions/A/Frameworks/AE.framework/Versions/A/AE
0x0000000005268000 	/System/Library/Frameworks/CoreServices.framework/Versions/A/Frameworks/LaunchServices.framework/Versions/A/LaunchServices
0x0000000005268000 	/System/Library/Frameworks/CoreServices.framework/Versions/A/Frameworks/DictionaryServices.framework/Versions/A/DictionaryServices
0x0000000005268000 	/System/Library/Frameworks/CoreServices.framework/Versions/A/Frameworks/SharedFileList.framework/Versions/A/SharedFileList
0x0000000005268000 	/System/Library/Frameworks/NetFS.framework/Versions/A/NetFS
0x0000000005268000 	/System/Library/PrivateFrameworks/NetAuth.framework/Versions/A/NetAuth
0x0000000005268000 	/System/Library/PrivateFrameworks/login.framework/Versions/A/Frameworks/loginsupport.framework/Versions/A/loginsupport
0x0000000005268000 	/System/Library/PrivateFrameworks/TCC.framework/Versions/A/TCC
0x0000000005268000 	/usr/lib/libmecabra.dylib
0x0000000005268000 	/System/Library/Frameworks/ApplicationServices.framework/Versions/A/Frameworks/ATS.framework/Versions/A/ATS
0x0000000005268000 	/System/Library/Frameworks/ApplicationServices.framework/Versions/A/Frameworks/ColorSync.framework/Versions/A/ColorSync
0x0000000005268000 	/System/Library/Frameworks/ApplicationServices.framework/Versions/A/Frameworks/HIServices.framework/Versions/A/HIServices
0x0000000005268000 	/System/Library/Frameworks/ApplicationServices.framework/Versions/A/Frameworks/LangAnalysis.framework/Versions/A/LangAnalysis
0x0000000005268000 	/System/Library/Frameworks/ApplicationServices.framework/Versions/A/Frameworks/PrintCore.framework/Versions/A/PrintCore
0x0000000005268000 	/System/Library/Frameworks/ApplicationServices.framework/Versions/A/Frameworks/QD.framework/Versions/A/QD
0x0000000005268000 	/System/Library/Frameworks/ApplicationServices.framework/Versions/A/Frameworks/SpeechSynthesis.framework/Versions/A/SpeechSynthesis
0x0000000005268000 	/System/Library/Frameworks/Metal.framework/Versions/A/Metal
0x0000000005268000 	/System/Library/Frameworks/Accelerate.framework/Versions/A/Frameworks/vImage.framework/Versions/A/vImage
0x0000000005268000 	/System/Library/Frameworks/Accelerate.framework/Versions/A/Frameworks/vecLib.framework/Versions/A/vecLib
0x0000000005268000 	/System/Library/Frameworks/Accelerate.framework/Versions/A/Frameworks/vecLib.framework/Versions/A/libvDSP.dylib
0x0000000005268000 	/System/Library/Frameworks/Accelerate.framework/Versions/A/Frameworks/vecLib.framework/Versions/A/libvMisc.dylib
0x0000000005268000 	/System/Library/Frameworks/Accelerate.framework/Versions/A/Frameworks/vecLib.framework/Versions/A/libLAPACK.dylib
0x0000000005268000 	/System/Library/Frameworks/Accelerate.framework/Versions/A/Frameworks/vecLib.framework/Versions/A/libBLAS.dylib
0x0000000005268000 	/System/Library/Frameworks/Accelerate.framework/Versions/A/Frameworks/vecLib.framework/Versions/A/libLinearAlgebra.dylib
0x0000000005268000 	/System/Library/Frameworks/Accelerate.framework/Versions/A/Frameworks/vecLib.framework/Versions/A/libSparseBLAS.dylib
0x0000000005268000 	/System/Library/PrivateFrameworks/GPUCompiler.framework/libmetal_timestamp.dylib
0x0000000005268000 	/System/Library/Frameworks/OpenGL.framework/Versions/A/Libraries/libCoreFSCache.dylib
0x0000000005268000 	/System/Library/PrivateFrameworks/IOAccelerator.framework/Versions/A/IOAccelerator
0x0000000005268000 	/System/Library/Frameworks/ApplicationServices.framework/Versions/A/Frameworks/ATS.framework/Versions/A/Resources/libFontParser.dylib
0x0000000005268000 	/System/Library/Frameworks/ApplicationServices.framework/Versions/A/Frameworks/ATS.framework/Versions/A/Resources/libFontRegistry.dylib
0x0000000005268000 	/System/Library/PrivateFrameworks/AppleVPA.framework/Versions/A/AppleVPA
0x0000000005268000 	/System/Library/PrivateFrameworks/AppleJPEG.framework/Versions/A/AppleJPEG
0x0000000005268000 	/System/Library/Frameworks/ImageIO.framework/Versions/A/Resources/libJPEG.dylib
0x0000000005268000 	/System/Library/Frameworks/ImageIO.framework/Versions/A/Resources/libTIFF.dylib
0x0000000005268000 	/System/Library/Frameworks/ImageIO.framework/Versions/A/Resources/libPng.dylib
0x0000000005268000 	/System/Library/Frameworks/ImageIO.framework/Versions/A/Resources/libGIF.dylib
0x0000000005268000 	/System/Library/Frameworks/ImageIO.framework/Versions/A/Resources/libJP2.dylib
0x0000000005268000 	/System/Library/Frameworks/ImageIO.framework/Versions/A/Resources/libRadiance.dylib
0x0000000005268000 	/System/Library/Frameworks/CoreVideo.framework/Versions/A/CoreVideo
0x0000000005268000 	/System/Library/Frameworks/OpenGL.framework/Versions/A/Libraries/libGLU.dylib
0x0000000005268000 	/System/Library/Frameworks/OpenGL.framework/Versions/A/Libraries/libGFXShared.dylib
0x0000000005268000 	/System/Library/Frameworks/OpenGL.framework/Versions/A/Libraries/libGL.dylib
0x0000000005268000 	/System/Library/Frameworks/OpenGL.framework/Versions/A/Libraries/libGLImage.dylib
0x0000000005268000 	/System/Library/Frameworks/OpenGL.framework/Versions/A/Libraries/libCVMSPluginSupport.dylib
0x0000000005268000 	/System/Library/Frameworks/OpenGL.framework/Versions/A/Libraries/libCoreVMClient.dylib
0x0000000005268000 	/usr/lib/libcompression.dylib
0x0000000005268000 	/usr/lib/libcups.2.dylib
0x0000000005268000 	/System/Library/Frameworks/Kerberos.framework/Versions/A/Kerberos
0x0000000005268000 	/System/Library/Frameworks/GSS.framework/Versions/A/GSS
0x0000000005268000 	/usr/lib/libresolv.9.dylib
0x0000000005268000 	/usr/lib/libiconv.2.dylib
0x0000000005268000 	/System/Library/PrivateFrameworks/Heimdal.framework/Versions/A/Heimdal
0x0000000005268000 	/usr/lib/libheimdal-asn1.dylib
0x0000000005268000 	/System/Library/Frameworks/OpenDirectory.framework/Versions/A/OpenDirectory
0x0000000005268000 	/System/Library/PrivateFrameworks/CommonAuth.framework/Versions/A/CommonAuth
0x0000000005268000 	/System/Library/Frameworks/OpenDirectory.framework/Versions/A/Frameworks/CFOpenDirectory.framework/Versions/A/CFOpenDirectory
0x0000000005268000 	/System/Library/Frameworks/SecurityFoundation.framework/Versions/A/SecurityFoundation
0x0000000005268000 	/System/Library/PrivateFrameworks/LanguageModeling.framework/Versions/A/LanguageModeling
0x0000000005268000 	/usr/lib/libmarisa.dylib
0x0000000005268000 	/usr/lib/libChineseTokenizer.dylib
0x0000000005268000 	/usr/lib/libcmph.dylib
0x0000000005268000 	/System/Library/Frameworks/ServiceManagement.framework/Versions/A/ServiceManagement
0x0000000005268000 	/usr/lib/libxslt.1.dylib
0x0000000005268000 	/System/Library/Frameworks/Carbon.framework/Versions/A/Frameworks/Ink.framework/Versions/A/Ink
0x0000000005268000 	/usr/lib/libFosl_dynamic.dylib
0x0000000005268000 	/System/Library/PrivateFrameworks/FaceCore.framework/Versions/A/FaceCore
0x0000000005268000 	/System/Library/Frameworks/OpenCL.framework/Versions/A/OpenCL
0x0000000005268000 	/System/Library/PrivateFrameworks/CrashReporterSupport.framework/Versions/A/CrashReporterSupport
0x0000000005268000 	/System/Library/PrivateFrameworks/IconServices.framework/Versions/A/IconServices
0x0000000005268000 	/System/Library/PrivateFrameworks/Apple80211.framework/Versions/A/Apple80211
0x0000000005268000 	/System/Library/Frameworks/CoreWLAN.framework/Versions/A/CoreWLAN
0x0000000005268000 	/System/Library/Frameworks/IOBluetooth.framework/Versions/A/IOBluetooth
0x0000000005268000 	/System/Library/PrivateFrameworks/CoreWiFi.framework/Versions/A/CoreWiFi
0x0000000005268000 	/System/Library/Frameworks/CoreBluetooth.framework/Versions/A/CoreBluetooth
0x0000000005268000 	/System/Library/PrivateFrameworks/ChunkingLibrary.framework/Versions/A/ChunkingLibrary
0x0000000005268000 	/System/Library/PrivateFrameworks/DebugSymbols.framework/Versions/A/DebugSymbols
0x0000000005268000 	/System/Library/PrivateFrameworks/CoreSymbolication.framework/Versions/A/CoreSymbolication
0x0000000005268000 	/System/Library/PrivateFrameworks/Symbolication.framework/Versions/A/Symbolication
0x0000000005268000 	/System/Library/PrivateFrameworks/SpeechRecognitionCore.framework/Versions/A/SpeechRecognitionCore
0x0000000102200000 	/Library/Java/JavaVirtualMachines/jdk1.8.0_51.jdk/Contents/Home/jre/lib/server/libjvm.dylib
0x0000000005268000 	/usr/lib/libstdc++.6.dylib
0x000000010193e000 	/Library/Java/JavaVirtualMachines/jdk1.8.0_51.jdk/Contents/Home/jre/lib/libverify.dylib
0x000000010194c000 	/Library/Java/JavaVirtualMachines/jdk1.8.0_51.jdk/Contents/Home/jre/lib/libjava.dylib
0x0000000101982000 	/Library/Java/JavaVirtualMachines/jdk1.8.0_51.jdk/Contents/Home/jre/lib/libjdwp.dylib
0x00000001019cd000 	/Library/Java/JavaVirtualMachines/jdk1.8.0_51.jdk/Contents/Home/jre/lib/libnpt.dylib
0x00000001019da000 	/Library/Java/JavaVirtualMachines/jdk1.8.0_51.jdk/Contents/Home/jre/lib/libzip.dylib
0x00000001019e4000 	/System/Library/Frameworks/JavaVM.framework/Frameworks/JavaRuntimeSupport.framework/JavaRuntimeSupport
0x0000000118acc000 	/System/Library/Frameworks/JavaVM.framework/Versions/A/Frameworks/JavaNativeFoundation.framework/Versions/A/JavaNativeFoundation
0x0000000118ae1000 	/System/Library/Frameworks/JavaVM.framework/Versions/A/JavaVM
0x0000000005268000 	/System/Library/Frameworks/Carbon.framework/Versions/A/Carbon
0x0000000118aee000 	/System/Library/PrivateFrameworks/JavaLaunching.framework/Versions/A/JavaLaunching
0x0000000005268000 	/System/Library/Frameworks/Carbon.framework/Versions/A/Frameworks/CommonPanels.framework/Versions/A/CommonPanels
0x0000000005268000 	/System/Library/Frameworks/Carbon.framework/Versions/A/Frameworks/Help.framework/Versions/A/Help
0x0000000005268000 	/System/Library/Frameworks/Carbon.framework/Versions/A/Frameworks/ImageCapture.framework/Versions/A/ImageCapture
0x0000000005268000 	/System/Library/Frameworks/Carbon.framework/Versions/A/Frameworks/OpenScripting.framework/Versions/A/OpenScripting
0x0000000005268000 	/System/Library/Frameworks/Carbon.framework/Versions/A/Frameworks/Print.framework/Versions/A/Print
0x0000000005268000 	/System/Library/Frameworks/Carbon.framework/Versions/A/Frameworks/SecurityHI.framework/Versions/A/SecurityHI
0x0000000118afc000 	/Library/Java/JavaVirtualMachines/jdk1.8.0_51.jdk/Contents/Home/jre/lib/libdt_socket.dylib

VM Arguments:
jvm_args: -agentlib:jdwp=transport=dt_socket,suspend=y,address=localhost:53435 -Dfile.encoding=UTF-8 
java_command: level1.ChuckleClicker
java_class_path (initial): /Library/Java/JavaVirtualMachines/jdk1.8.0_51.jdk/Contents/Home/jre/lib/resources.jar:/Library/Java/JavaVirtualMachines/jdk1.8.0_51.jdk/Contents/Home/jre/lib/rt.jar:/Library/Java/JavaVirtualMachines/jdk1.8.0_51.jdk/Contents/Home/jre/lib/jsse.jar:/Library/Java/JavaVirtualMachines/jdk1.8.0_51.jdk/Contents/Home/jre/lib/jce.jar:/Library/Java/JavaVirtualMachines/jdk1.8.0_51.jdk/Contents/Home/jre/lib/charsets.jar:/Library/Java/JavaVirtualMachines/jdk1.8.0_51.jdk/Contents/Home/jre/lib/jfr.jar:/Library/Java/JavaVirtualMachines/jdk1.8.0_51.jdk/Contents/Home/jre/lib/ext/cldrdata.jar:/Library/Java/JavaVirtualMachines/jdk1.8.0_51.jdk/Contents/Home/jre/lib/ext/dnsns.jar:/Library/Java/JavaVirtualMachines/jdk1.8.0_51.jdk/Contents/Home/jre/lib/ext/jfxrt.jar:/Library/Java/JavaVirtualMachines/jdk1.8.0_51.jdk/Contents/Home/jre/lib/ext/localedata.jar:/Library/Java/JavaVirtualMachines/jdk1.8.0_51.jdk/Contents/Home/jre/lib/ext/nashorn.jar:/Library/Java/JavaVirtualMachines/jdk1.8.0_51.jdk/Contents/Home/jre/lib/ext/sunec.jar:/Library/Java/JavaVirtualMachines/jdk1.8.0_51.jdk/Contents/Home/jre/lib/ext/sunjce_provider.jar:/Library/Java/JavaVirtualMachines/jdk1.8.0_51.jdk/Contents/Home/jre/lib/ext/sunpkcs11.jar:/Library/Java/JavaVirtualMachines/jdk1.8.0_51.jdk/Contents/Home/jre/lib/ext/zipfs.jar:/System/Library/Java/Extensions/MRJToolkit.jar:/Users/league/Desktop/Ashley-Level-1/bin
Launcher Type: SUN_STANDARD

Environment Variables:
PATH=/usr/bin:/bin:/usr/sbin:/sbin
SHELL=/bin/bash

Signal Handlers:
SIGSEGV: [libjvm.dylib+0x58ef35], sa_mask[0]=11111111011111110111111111111111, sa_flags=SA_ONSTACK|SA_RESTART|SA_SIGINFO
SIGBUS: [libjvm.dylib+0x58ef35], sa_mask[0]=11111111011111110111111111111111, sa_flags=SA_RESTART|SA_SIGINFO
SIGFPE: [libjvm.dylib+0x46c028], sa_mask[0]=11111111011111110111111111111111, sa_flags=SA_RESTART|SA_SIGINFO
SIGPIPE: [libjvm.dylib+0x46c028], sa_mask[0]=11111111011111110111111111111111, sa_flags=SA_RESTART|SA_SIGINFO
SIGXFSZ: [libjvm.dylib+0x46c028], sa_mask[0]=11111111011111110111111111111111, sa_flags=SA_RESTART|SA_SIGINFO
SIGILL: [libjvm.dylib+0x46c028], sa_mask[0]=11111111011111110111111111111111, sa_flags=SA_RESTART|SA_SIGINFO
SIGUSR1: SIG_DFL, sa_mask[0]=00000000000000000000000000000000, sa_flags=none
SIGUSR2: [libjvm.dylib+0x46bb46], sa_mask[0]=00100000000000000000000000000000, sa_flags=SA_RESTART|SA_SIGINFO
SIGHUP: [libjvm.dylib+0x46a119], sa_mask[0]=11111111011111110111111111111111, sa_flags=SA_RESTART|SA_SIGINFO
SIGINT: [libjvm.dylib+0x46a119], sa_mask[0]=11111111011111110111111111111111, sa_flags=SA_RESTART|SA_SIGINFO
SIGTERM: [libjvm.dylib+0x46a119], sa_mask[0]=11111111011111110111111111111111, sa_flags=SA_RESTART|SA_SIGINFO
SIGQUIT: [libjvm.dylib+0x46a119], sa_mask[0]=11111111011111110111111111111111, sa_flags=SA_RESTART|SA_SIGINFO


---------------  S Y S T E M  ---------------

OS:Bsduname:Darwin 15.6.0 Darwin Kernel Version 15.6.0: Sun Jun  4 21:43:07 PDT 2017; root:xnu-3248.70.3~1/RELEASE_X86_64 x86_64
rlimit: STACK 8192k, CORE 0k, NPROC 709, NOFILE 10240, AS infinity
load average:1.45 1.64 1.70

CPU:total 4 (2 cores per cpu, 2 threads per core) family 6 model 69 stepping 1, cmov, cx8, fxsr, mmx, sse, sse2, sse3, ssse3, sse4.1, sse4.2, popcnt, avx, avx2, aes, clmul, erms, lzcnt, ht, tsc, tscinvbit, bmi1, bmi2

Memory: 4k page, physical 8388608k(573468k free)

/proc/meminfo:


vm_info: Java HotSpot(TM) 64-Bit Server VM (25.51-b03) for bsd-amd64 JRE (1.8.0_51-b16), built on Jun  8 2015 18:01:11 by "java_re" with gcc 4.2.1 (Based on Apple Inc. build 5658) (LLVM build 2336.11.00)

time: Sat Nov 18 15:44:17 2017
elapsed time: 2152 seconds (0d 0h 35m 52s)

